T6SSi_evpJ
T6SSii_dotU
T6SSii_iglA
T6SSii_iglB
T6SSii_iglC
T6SSii_iglD
T6SSii_iglE
T6SSii_iglF
T6SSii_iglG
T6SSii_iglH
T6SSii_iglI
T6SSii_iglJ
T6SSiii_tssB
T6SSiii_tssC
T6SSiii_tssD
T6SSiii_tssE
T6SSiii_tssF
T6SSiii_tssG
T6SSiii_tssH
T6SSiii_tssI
T6SSiii_tssK
T6SSiii_tssN
T6SSiii_tssP
T6SSiii_tssQ
T6SSii_pdpA
T6SSii_pdpB
T6SSii_pdpC
T6SSii_pdpD
T6SSii_pdpE
T6SSii_vgrG
T6SSi_tssA
T6SSi_tssB
T6SSi_tssC
T6SSi_tssD
T6SSi_tssE
T6SSi_tssF
T6SSi_tssG
T6SSi_tssH
T6SSi_tssI
T6SSi_tssJ
T6SSi_tssK
T6SSi_tssL
T6SSi_tssM
